\BOOKMARK [0][]{Contents.0}{Contents}{}% 1
\BOOKMARK [0][]{chapter.1}{1 The CMS detector and the Large Hadron Collider}{}% 2
\BOOKMARK [1][-]{section.1.1}{1.1 LHC}{chapter.1}% 3
\BOOKMARK [1][-]{section.1.2}{1.2 CMS detector }{chapter.1}% 4
\BOOKMARK [2][-]{subsection.1.2.1}{1.2.1 Magnetic Solenoid}{section.1.2}% 5
\BOOKMARK [2][-]{subsection.1.2.2}{1.2.2 Tracker }{section.1.2}% 6
\BOOKMARK [2][-]{subsection.1.2.3}{1.2.3 Electromagnetic Calorimeter}{section.1.2}% 7
\BOOKMARK [2][-]{subsection.1.2.4}{1.2.4 Hadron Calorimeter}{section.1.2}% 8
\BOOKMARK [2][-]{subsection.1.2.5}{1.2.5 Muon Chambers}{section.1.2}% 9
\BOOKMARK [2][-]{subsection.1.2.6}{1.2.6 Trigger }{section.1.2}% 10
\BOOKMARK [2][-]{subsection.1.2.7}{1.2.7 Upgrades for Run 2}{section.1.2}% 11
\BOOKMARK [2][-]{subsection.1.2.8}{1.2.8 Data collections}{section.1.2}% 12
\BOOKMARK [0][]{appendix.A}{A Cross checks on Run 2bold0mu mumu tttttttt2005/06/28 ver: 1.3 subfig packagetttttttttttttttt analysis at bold0mu mumu s=13s=132005/06/28 ver: 1.3 subfig packages=13s=13s=13s=13 TeV}{}% 13
\BOOKMARK [1][-]{section.A.1}{A.1 Comparison of alternative tt generators }{appendix.A}% 14
\BOOKMARK [1][-]{section.A.2}{A.2 TTZ, TTW, TTH MC backgrounds }{appendix.A}% 15
\BOOKMARK [1][-]{section.A.3}{A.3 Comparison of the Gradient Boost and AdaBoost boosting algorithms within the BDT }{appendix.A}% 16
\BOOKMARK [1][-]{section.A.4}{A.4 Event-level BDT templates }{appendix.A}% 17
\BOOKMARK [1][-]{section.A.5}{A.5 Systematic shape studies }{appendix.A}% 18
\BOOKMARK [2][-]{subsection.A.5.1}{A.5.1 Studies of impact of systematic uncertainties }{section.A.5}% 19
\BOOKMARK [1][-]{section.A.6}{A.6 Correlation matrices for fit nuisance parameters }{appendix.A}% 20
\BOOKMARK [0][]{section*.32}{References}{}% 21
